\BOOKMARK [0][-]{part.1}{I Conceptos}{}% 1
\BOOKMARK [1][-]{section.1}{\277Qu\351 es Miner\355a de Datos?}{part.1}% 2
\BOOKMARK [1][-]{section.2}{Conjunto de Datos, Instancias y Atributos}{part.1}% 3
\BOOKMARK [2][-]{subsection.2.1}{Instancias y atributos}{section.2}% 4
\BOOKMARK [2][-]{subsection.2.2}{Conjunto de Datos}{section.2}% 5
\BOOKMARK [2][-]{subsection.2.3}{Aprendizaje supervisado y no supervisado}{section.2}% 6
\BOOKMARK [1][-]{section.3}{\277Qu\351 podemos lograr con Miner\355a de Datos?}{part.1}% 7
\BOOKMARK [2][-]{subsection.3.1}{Descripci\363n}{section.3}% 8
\BOOKMARK [2][-]{subsection.3.2}{Clasificaci\363n}{section.3}% 9
\BOOKMARK [2][-]{subsection.3.3}{Estimaci\363n}{section.3}% 10
\BOOKMARK [2][-]{subsection.3.4}{Clustering}{section.3}% 11
\BOOKMARK [0][-]{part.2}{II Transformaciones}{}% 12
\BOOKMARK [1][-]{section.4}{Normalizaci\363n Min-Max}{part.2}% 13
\BOOKMARK [1][-]{section.5}{Estandarizaci\363n Z-score}{part.2}% 14
\BOOKMARK [1][-]{section.6}{Interquartile Range}{part.2}% 15
\BOOKMARK [0][-]{part.3}{III Modelos}{}% 16
\BOOKMARK [1][-]{section.7}{Modelos Lineales}{part.3}% 17
\BOOKMARK [2][-]{subsection.7.1}{Ejemplos}{section.7}% 18
\BOOKMARK [1][-]{section.8}{\301rboles}{part.3}% 19
\BOOKMARK [2][-]{subsection.8.1}{J48\(\)}{section.8}% 20
\BOOKMARK [2][-]{subsection.8.2}{RandomTree\(\) y RandomForest\(\)}{section.8}% 21
\BOOKMARK [2][-]{subsection.8.3}{Model Tree}{section.8}% 22
\BOOKMARK [1][-]{section.9}{Clustering}{part.3}% 23
\BOOKMARK [2][-]{subsection.9.1}{k-means}{section.9}% 24
\BOOKMARK [2][-]{subsection.9.2}{Fuzzy Clustering}{section.9}% 25
\BOOKMARK [0][-]{part.4}{IV Evaluaci\363n}{}% 26
\BOOKMARK [1][-]{section.10}{Holdout}{part.4}% 27
\BOOKMARK [1][-]{section.11}{Cross Validation}{part.4}% 28
\BOOKMARK [1][-]{section.12}{Leave-one-out Cross Validation y Bootstrap}{part.4}% 29
\BOOKMARK [0][-]{part.5}{V Selecci\363n de Modelos}{}% 30
\BOOKMARK [1][-]{section.13}{Principio de Parsimonia}{part.5}% 31
\BOOKMARK [1][-]{section.14}{Maximum Log-Likelihood}{part.5}% 32
\BOOKMARK [1][-]{section.15}{Akaike Information Criterion}{part.5}% 33
\BOOKMARK [0][-]{part.6}{VI Importaci\363n y Exportaci\363n}{}% 34
\BOOKMARK [1][-]{section.16}{Exportaci\363n}{part.6}% 35
\BOOKMARK [1][-]{section.17}{Importaci\363n}{part.6}% 36
\BOOKMARK [1][-]{section.18}{Trabajado en MATLAB}{part.6}% 37
